<?xml version="1.0" encoding="UTF-8"?>
<!-- Generated by org.testng.reporters.JUnitReportReporter -->
<testsuite hostname="Nomhles-MacBook-Pro.local" failures="0" tests="2" name="org.example.testcases.ExampleTest1" time="16.891" errors="0" timestamp="10 Nov 2022 21:21:34 GMT" skipped="0">
  <testcase classname="org.example.testcases.ExampleTest1" name="exampleTest1" time="8.314"/>
  <testcase classname="org.example.testcases.ExampleTest1" name="exampleTest1" time="8.577"/>
</testsuite> <!-- org.example.testcases.ExampleTest1 -->
