<?xml version="1.0" encoding="UTF-8"?>
<!-- Generated by org.testng.reporters.JUnitReportReporter -->
<testsuite hostname="Nomhles-MacBook-Pro.local" failures="0" tests="2" name="org.example.testcases.ExampleTest" time="18.508" errors="0" timestamp="10 Nov 2022 21:21:34 GMT" skipped="0">
  <testcase classname="org.example.testcases.ExampleTest" name="exampleTest" time="10.388"/>
  <testcase classname="org.example.testcases.ExampleTest" name="exampleTest" time="8.120"/>
</testsuite> <!-- org.example.testcases.ExampleTest -->
